<?xml version="1.0" encoding="UTF-8"?>
<!-- Generated by org.testng.reporters.JUnitXMLReporter -->
<testsuite ignored="0" hostname="LAPTOP-UG2P139V" failures="0" tests="2" name="Test" time="193.888" errors="0" timestamp="2022-07-17T23:11:23 IST">
  <testcase classname="newpackage.TestCase_03" name="@BeforeMethod beforeMethod" time="117.893">
    <failure type="java.lang.NullPointerException" message="Cannot invoke &amp;quot;org.openqa.selenium.WebDriver.get(String)&amp;quot; because &amp;quot;this.driver&amp;quot; is null">
      <![CDATA[java.lang.NullPointerException: Cannot invoke "org.openqa.selenium.WebDriver.get(String)" because "this.driver" is null
at newpackage.TestCase_03.beforeMethod(TestCase_03.java:94)
at java.base/java.util.concurrent.ThreadPoolExecutor.runWorker(ThreadPoolExecutor.java:1130)
at java.base/java.util.concurrent.ThreadPoolExecutor$Worker.run(ThreadPoolExecutor.java:630)
at java.base/java.lang.Thread.run(Thread.java:832)
... Removed 16 stack frames]]>
    </failure>
  </testcase> <!-- @BeforeMethod beforeMethod -->
  <testcase classname="newpackage.TestCase_03" name="@AfterMethod afterMethod" time="-1.658079607329E9">
    <skipped/>
  </testcase> <!-- @AfterMethod afterMethod -->
  <testcase classname="newpackage.TestCase_03" name="@BeforeMethod beforeMethod" time="193.795">
    <failure type="java.lang.NullPointerException" message="Cannot invoke &amp;quot;org.openqa.selenium.WebDriver.get(String)&amp;quot; because &amp;quot;this.driver&amp;quot; is null">
      <![CDATA[java.lang.NullPointerException: Cannot invoke "org.openqa.selenium.WebDriver.get(String)" because "this.driver" is null
at newpackage.TestCase_03.beforeMethod(TestCase_03.java:94)
at java.base/java.util.concurrent.ThreadPoolExecutor.runWorker(ThreadPoolExecutor.java:1130)
at java.base/java.util.concurrent.ThreadPoolExecutor$Worker.run(ThreadPoolExecutor.java:630)
at java.base/java.lang.Thread.run(Thread.java:832)
... Removed 16 stack frames]]>
    </failure>
  </testcase> <!-- @BeforeMethod beforeMethod -->
  <testcase classname="newpackage.TestCase_03" name="@AfterMethod afterMethod" time="-1.658079683217E9">
    <skipped/>
  </testcase> <!-- @AfterMethod afterMethod -->
  <testcase classname="newpackage.TestCase_03" name="tc_001" time="0.0">
    <skipped/>
  </testcase> <!-- tc_001 -->
  <testcase classname="newpackage.TestCase_03" name="tc_002" time="0.0">
    <skipped/>
  </testcase> <!-- tc_002 -->
</testsuite> <!-- Test -->
